# JRE version: OpenJDK Runtime Environment (21.0.8) (build 21.0.8+-14196175-b1038.72)
# Java VM: OpenJDK 64-Bit Server VM (21.0.8+-14196175-b1038.72, mixed mode, tiered, compressed oops, compressed class ptrs, g1 gc, windows-amd64)
GC Precious Log:
 CardTable entry size: 512
 Card Set container configuration: InlinePtr #cards 5 size 8 Array Of Cards #cards 12 size 40 Howl #buckets 4 coarsen threshold 1843 Howl Bitmap #cards 512 size 80 coarsen threshold 460 Card regions per heap region 1 cards per card region 2048
 CPUs: 12 total, 12 available
 Memory: 20370M
 Large Page Support: Disabled
 NUMA Support: Disabled
 Compressed Oops: Enabled (32-bit)
 Heap Region Size: 1M
 Heap Min Capacity: 8M
 Heap Initial Capacity: 320M
 Heap Max Capacity: 2G
 Pre-touch: Disabled
 Parallel Workers: 10
 Concurrent Workers: 3
 Concurrent Refinement Workers: 10
 Periodic GC: Disabled
Heap:
 garbage-first heap   total 262144K, used 165452K [0x0000000080000000, 0x0000000100000000)
  region size 1024K, 9 young (9216K), 7 survivors (7168K)
 Metaspace       used 155675K, committed 158144K, reserved 1245184K
  class space    used 22456K, committed 23680K, reserved 1048576K
GC Heap History (20 events):
Event: 15.894 GC heap before
{Heap before GC invocations=34 (full 0):
 garbage-first heap   total 183296K, used 163244K [0x0000000080000000, 0x0000000100000000)
  region size 1024K, 52 young (53248K), 8 survivors (8192K)
 Metaspace       used 123191K, committed 125440K, reserved 1179648K
  class space    used 17417K, committed 18496K, reserved 1048576K
}
Event: 15.901 GC heap after
{Heap after GC invocations=35 (full 0):
 garbage-first heap   total 183296K, used 126894K [0x0000000080000000, 0x0000000100000000)
  region size 1024K, 7 young (7168K), 7 survivors (7168K)
 Metaspace       used 123191K, committed 125440K, reserved 1179648K
  class space    used 17417K, committed 18496K, reserved 1048576K
}
Event: 16.049 GC heap before
{Heap before GC invocations=36 (full 0):
 garbage-first heap   total 214016K, used 162734K [0x0000000080000000, 0x0000000100000000)
  region size 1024K, 43 young (44032K), 7 survivors (7168K)
 Metaspace       used 123206K, committed 125440K, reserved 1179648K
  class space    used 17417K, committed 18496K, reserved 1048576K
}
Event: 16.054 GC heap after
{Heap after GC invocations=37 (full 0):
 garbage-first heap   total 214016K, used 130352K [0x0000000080000000, 0x0000000100000000)
  region size 1024K, 4 young (4096K), 4 survivors (4096K)
 Metaspace       used 123206K, committed 125440K, reserved 1179648K
  class space    used 17417K, committed 18496K, reserved 1048576K
}
Event: 16.387 GC heap before
{Heap before GC invocations=37 (full 0):
 garbage-first heap   total 214016K, used 193840K [0x0000000080000000, 0x0000000100000000)
  region size 1024K, 67 young (68608K), 4 survivors (4096K)
 Metaspace       used 123775K, committed 126016K, reserved 1179648K
  class space    used 17522K, committed 18624K, reserved 1048576K
}
Event: 16.393 GC heap after
{Heap after GC invocations=38 (full 0):
 garbage-first heap   total 214016K, used 132740K [0x0000000080000000, 0x0000000100000000)
  region size 1024K, 8 young (8192K), 8 survivors (8192K)
 Metaspace       used 123775K, committed 126016K, reserved 1179648K
  class space    used 17522K, committed 18624K, reserved 1048576K
}
Event: 16.658 GC heap before
{Heap before GC invocations=38 (full 0):
 garbage-first heap   total 214016K, used 192132K [0x0000000080000000, 0x0000000100000000)
  region size 1024K, 67 young (68608K), 8 survivors (8192K)
 Metaspace       used 124068K, committed 126336K, reserved 1179648K
  class space    used 17562K, committed 18688K, reserved 1048576K
}
Event: 16.663 GC heap after
{Heap after GC invocations=39 (full 0):
 garbage-first heap   total 262144K, used 135941K [0x0000000080000000, 0x0000000100000000)
  region size 1024K, 6 young (6144K), 6 survivors (6144K)
 Metaspace       used 124068K, committed 126336K, reserved 1179648K
  class space    used 17562K, committed 18688K, reserved 1048576K
}
Event: 17.455 GC heap before
{Heap before GC invocations=40 (full 0):
 garbage-first heap   total 262144K, used 234245K [0x0000000080000000, 0x0000000100000000)
  region size 1024K, 103 young (105472K), 6 survivors (6144K)
 Metaspace       used 127530K, committed 129856K, reserved 1179648K
  class space    used 18034K, committed 19136K, reserved 1048576K
}
Event: 17.461 GC heap after
{Heap after GC invocations=41 (full 0):
 garbage-first heap   total 262144K, used 141808K [0x0000000080000000, 0x0000000100000000)
  region size 1024K, 12 young (12288K), 12 survivors (12288K)
 Metaspace       used 127530K, committed 129856K, reserved 1179648K
  class space    used 18034K, committed 19136K, reserved 1048576K
}
Event: 26.909 GC heap before
{Heap before GC invocations=41 (full 0):
 garbage-first heap   total 262144K, used 238064K [0x0000000080000000, 0x0000000100000000)
  region size 1024K, 102 young (104448K), 12 survivors (12288K)
 Metaspace       used 133056K, committed 135488K, reserved 1179648K
  class space    used 18750K, committed 19968K, reserved 1048576K
}
Event: 26.919 GC heap after
{Heap after GC invocations=42 (full 0):
 garbage-first heap   total 262144K, used 146731K [0x0000000080000000, 0x0000000100000000)
  region size 1024K, 10 young (10240K), 10 survivors (10240K)
 Metaspace       used 133056K, committed 135488K, reserved 1179648K
  class space    used 18750K, committed 19968K, reserved 1048576K
}
Event: 27.647 GC heap before
{Heap before GC invocations=42 (full 0):
 garbage-first heap   total 262144K, used 235819K [0x0000000080000000, 0x0000000100000000)
  region size 1024K, 98 young (100352K), 10 survivors (10240K)
 Metaspace       used 139474K, committed 141888K, reserved 1179648K
  class space    used 19790K, committed 20992K, reserved 1048576K
}
Event: 27.653 GC heap after
{Heap after GC invocations=43 (full 0):
 garbage-first heap   total 262144K, used 148603K [0x0000000080000000, 0x0000000100000000)
  region size 1024K, 4 young (4096K), 4 survivors (4096K)
 Metaspace       used 139474K, committed 141888K, reserved 1179648K
  class space    used 19790K, committed 20992K, reserved 1048576K
}
Event: 28.338 GC heap before
{Heap before GC invocations=44 (full 0):
 garbage-first heap   total 262144K, used 238715K [0x0000000080000000, 0x0000000100000000)
  region size 1024K, 93 young (95232K), 4 survivors (4096K)
 Metaspace       used 149877K, committed 152320K, reserved 1179648K
  class space    used 21603K, committed 22784K, reserved 1048576K
}
Event: 28.343 GC heap after
{Heap after GC invocations=45 (full 0):
 garbage-first heap   total 262144K, used 150320K [0x0000000080000000, 0x0000000100000000)
  region size 1024K, 5 young (5120K), 5 survivors (5120K)
 Metaspace       used 149877K, committed 152320K, reserved 1179648K
  class space    used 21603K, committed 22784K, reserved 1048576K
}
Event: 29.176 GC heap before
{Heap before GC invocations=45 (full 0):
 garbage-first heap   total 262144K, used 241456K [0x0000000080000000, 0x0000000100000000)
  region size 1024K, 95 young (97280K), 5 survivors (5120K)
 Metaspace       used 154269K, committed 156736K, reserved 1245184K
  class space    used 22270K, committed 23488K, reserved 1048576K
}
Event: 29.183 GC heap after
{Heap after GC invocations=46 (full 0):
 garbage-first heap   total 262144K, used 148775K [0x0000000080000000, 0x0000000100000000)
  region size 1024K, 6 young (6144K), 6 survivors (6144K)
 Metaspace       used 154269K, committed 156736K, reserved 1245184K
  class space    used 22270K, committed 23488K, reserved 1048576K
}
Event: 29.376 GC heap before
{Heap before GC invocations=46 (full 0):
 garbage-first heap   total 262144K, used 164135K [0x0000000080000000, 0x0000000100000000)
  region size 1024K, 23 young (23552K), 6 survivors (6144K)
 Metaspace       used 155540K, committed 158080K, reserved 1245184K
  class space    used 22436K, committed 23680K, reserved 1048576K
}
Event: 29.381 GC heap after
{Heap after GC invocations=47 (full 0):
 garbage-first heap   total 262144K, used 150092K [0x0000000080000000, 0x0000000100000000)
  region size 1024K, 7 young (7168K), 7 survivors (7168K)
 Metaspace       used 155540K, committed 158080K, reserved 1245184K
  class space    used 22436K, committed 23680K, reserved 1048576K
}

